Using pre-set license
Built from '2020.3/staging' branch; Version is '2020.3.33f1 (915a7af8b0d5) revision 9525882'; Using compiler version '192528614'; Build Type 'Release'
OS: 'Windows 10  (10.0.19044) 64bit Core' Language: 'es' Physical Memory: 7993 MB
BatchMode: 1, IsHumanControllingUs: 0, StartBugReporterOnCrash: 0, Is64bit: 1, IsPro: 0

COMMAND LINE ARGUMENTS:
C:\Program Files\Unity\Hub\Editor\2020.3.33f1\Editor\Unity.exe
-adb2
-batchMode
-noUpm
-name
AssetImportWorker0
-projectPath
C:/Users/chuch/OneDrive/Documentos/GitHub/proyectoVaca
-logFile
Logs/AssetImportWorker0.log
-srvPort
64253
Successfully changed project path to: C:/Users/chuch/OneDrive/Documentos/GitHub/proyectoVaca
C:/Users/chuch/OneDrive/Documentos/GitHub/proyectoVaca
Using Asset Import Pipeline V2.
Refreshing native plugins compatible for Editor in 63.35 ms, found 2 plugins.
Preloading 0 native plugins for Editor in 0.00 ms.
Initialize engine version: 2020.3.33f1 (915a7af8b0d5)
[Subsystems] Discovering subsystems at path C:/Program Files/Unity/Hub/Editor/2020.3.33f1/Editor/Data/Resources/UnitySubsystems
[Subsystems] Discovering subsystems at path C:/Users/chuch/OneDrive/Documentos/GitHub/proyectoVaca/Assets
GfxDevice: creating device client; threaded=0
Direct3D:
    Version:  Direct3D 11.0 [level 11.1]
    Renderer: NVIDIA GeForce GTX 1650 (ID=0x1f99)
    Vendor:   
    VRAM:     3962 MB
    Driver:   30.0.15.1278
Initialize mono
Mono path[0] = 'C:/Program Files/Unity/Hub/Editor/2020.3.33f1/Editor/Data/Managed'
Mono path[1] = 'C:/Program Files/Unity/Hub/Editor/2020.3.33f1/Editor/Data/MonoBleedingEdge/lib/mono/unityjit'
Mono config path = 'C:/Program Files/Unity/Hub/Editor/2020.3.33f1/Editor/Data/MonoBleedingEdge/etc'
Using monoOptions --debugger-agent=transport=dt_socket,embedding=1,server=y,suspend=n,address=127.0.0.1:56740
Begin MonoManager ReloadAssembly
Registering precompiled unity dll's ...
Register platform support module: C:/Program Files/Unity/Hub/Editor/2020.3.33f1/Editor/Data/PlaybackEngines/WebGLSupport/UnityEditor.WebGL.Extensions.dll
Register platform support module: C:/Program Files/Unity/Hub/Editor/2020.3.33f1/Editor/Data/PlaybackEngines/WindowsStandaloneSupport/UnityEditor.WindowsStandalone.Extensions.dll
Registered in 0.005869 seconds.
Native extension for WindowsStandalone target not found
Native extension for WebGL target not found
Refreshing native plugins compatible for Editor in 65.35 ms, found 2 plugins.
Preloading 0 native plugins for Editor in 0.00 ms.
Mono: successfully reloaded assembly
- Completed reload, in  1.188 seconds
Domain Reload Profiling:
	ReloadAssembly (1190ms)
		BeginReloadAssembly (129ms)
			ExecutionOrderSort (0ms)
			DisableScriptedObjects (0ms)
			BackupInstance (0ms)
			ReleaseScriptingObjects (0ms)
			CreateAndSetChildDomain (1ms)
		EndReloadAssembly (918ms)
			LoadAssemblies (126ms)
			RebuildTransferFunctionScriptingTraits (0ms)
			SetupTypeCache (350ms)
			ReleaseScriptCaches (0ms)
			RebuildScriptCaches (53ms)
			SetupLoadedEditorAssemblies (299ms)
				LogAssemblyErrors (0ms)
				InitializePlatformSupportModulesInManaged (11ms)
				SetLoadedEditorAssemblies (0ms)
				RefreshPlugins (65ms)
				BeforeProcessingInitializeOnLoad (18ms)
				ProcessInitializeOnLoadAttributes (160ms)
				ProcessInitializeOnLoadMethodAttributes (44ms)
				AfterProcessingInitializeOnLoad (0ms)
				EditorAssembliesLoaded (0ms)
			ExecutionOrderSort2 (0ms)
			AwakeInstancesAfterBackupRestoration (0ms)
Platform modules already initialized, skipping
Registering precompiled user dll's ...
Registered in 0.007999 seconds.
Begin MonoManager ReloadAssembly
Symbol file LoadedFromMemory doesn't match image C:\Users\chuch\OneDrive\Documentos\GitHub\proyectoVaca\Library\PackageCache\com.unity.collab-proxy@1.15.15\Lib\Editor\PlasticSCM\unityplastic.dll
Native extension for WindowsStandalone target not found
Native extension for WebGL target not found
Refreshing native plugins compatible for Editor in 0.67 ms, found 2 plugins.
Preloading 0 native plugins for Editor in 0.00 ms.
Mono: successfully reloaded assembly
- Completed reload, in  1.714 seconds
Domain Reload Profiling:
	ReloadAssembly (1716ms)
		BeginReloadAssembly (298ms)
			ExecutionOrderSort (0ms)
			DisableScriptedObjects (9ms)
			BackupInstance (0ms)
			ReleaseScriptingObjects (0ms)
			CreateAndSetChildDomain (35ms)
		EndReloadAssembly (1305ms)
			LoadAssemblies (191ms)
			RebuildTransferFunctionScriptingTraits (0ms)
			SetupTypeCache (473ms)
			ReleaseScriptCaches (1ms)
			RebuildScriptCaches (89ms)
			SetupLoadedEditorAssemblies (455ms)
				LogAssemblyErrors (0ms)
				InitializePlatformSupportModulesInManaged (10ms)
				SetLoadedEditorAssemblies (1ms)
				RefreshPlugins (1ms)
				BeforeProcessingInitializeOnLoad (137ms)
				ProcessInitializeOnLoadAttributes (286ms)
				ProcessInitializeOnLoadMethodAttributes (12ms)
				AfterProcessingInitializeOnLoad (7ms)
				EditorAssembliesLoaded (0ms)
			ExecutionOrderSort2 (0ms)
			AwakeInstancesAfterBackupRestoration (12ms)
Platform modules already initialized, skipping
========================================================================
Worker process is ready to serve import requests
Launched and connected shader compiler UnityShaderCompiler.exe after 0.08 seconds
Refreshing native plugins compatible for Editor in 1.06 ms, found 2 plugins.
Preloading 0 native plugins for Editor in 0.00 ms.
Unloading 1659 Unused Serialized files (Serialized files now loaded: 0)
System memory in use before: 194.7 MB.
System memory in use after: 194.8 MB.

Unloading 28 unused Assets to reduce memory usage. Loaded Objects now: 2127.
Total: 7.178600 ms (FindLiveObjects: 0.399900 ms CreateObjectMapping: 0.225200 ms MarkObjects: 6.467800 ms  DeleteObjects: 0.083800 ms)

AssetImportParameters requested are different than current active one (requested -> active):
  custom:framework-win-MediaFoundation: 216162199b28c13a410421893ffa2e32 -> 
  custom:video-decoder-ogg-theora: a1e56fd34408186e4bbccfd4996cb3dc -> 
  custom:container-muxer-webm: aa71ff27fc2769a1b78a27578f13a17b -> 
  custom:container-demuxer-webm: 4f35f7cbe854078d1ac9338744f61a02 -> 
  custom:container-demuxer-ogg: 62fdf1f143b41e24485cea50d1cbac27 -> 
  custom:video-encoder-webm-vp8: eb34c28f22e8b96e1ab97ce403110664 -> 
  custom:video-decoder-webm-vp8: 9c59270c3fd7afecdb556c50c9e8de78 -> 
  custom:audio-decoder-ogg-vorbis: bf7c407c2cedff20999df2af8eb42d56 -> 
  custom:audio-encoder-webm-vorbis: bf7c407c2cedff20999df2af8eb42d56 -> 
========================================================================
Received Import Request.
  path: Assets/Materiales/New Material.mat
  artifactKey: Guid(51f82bd5f17544d49959d9650429377c) Importer(815301076,1909f56bfc062723c751e8b465ee728b)
Start importing Assets/Materiales/New Material.mat using Guid(51f82bd5f17544d49959d9650429377c) Importer(815301076,1909f56bfc062723c751e8b465ee728b)  -> (artifact id: 'ba0968364172874c5b8bc72a01073c6c') in 0.225907 seconds 
========================================================================
Received Import Request.
  Time since last request: 0.000362 seconds.
  path: Assets/Fonts/Alien.ttf
  artifactKey: Guid(c5d9c3987bd8a56488ada9f6a9a05101) Importer(815301076,1909f56bfc062723c751e8b465ee728b)
Start importing Assets/Fonts/Alien.ttf using Guid(c5d9c3987bd8a56488ada9f6a9a05101) Importer(815301076,1909f56bfc062723c751e8b465ee728b)  -> (artifact id: 'fd2a8c92ab8897294e38b85638690552') in 0.113399 seconds 
========================================================================
Received Import Request.
  Time since last request: 0.001658 seconds.
  path: Assets/Materiales/bounce.physicMaterial
  artifactKey: Guid(84b6bde665f05684bb951d5e32b00ec4) Importer(815301076,1909f56bfc062723c751e8b465ee728b)
Start importing Assets/Materiales/bounce.physicMaterial using Guid(84b6bde665f05684bb951d5e32b00ec4) Importer(815301076,1909f56bfc062723c751e8b465ee728b)  -> (artifact id: 'b17243296e667796349a2c2334f646ab') in 0.059694 seconds 
========================================================================
Received Import Request.
  Time since last request: 0.000385 seconds.
  path: Assets/Materiales/cielito.mat
  artifactKey: Guid(243a7e8676a76d14f8d81f5702fd183d) Importer(815301076,1909f56bfc062723c751e8b465ee728b)
Start importing Assets/Materiales/cielito.mat using Guid(243a7e8676a76d14f8d81f5702fd183d) Importer(815301076,1909f56bfc062723c751e8b465ee728b)  -> (artifact id: 'db1ab1c964acbac17f2972df312efca4') in 0.064212 seconds 
========================================================================
Received Import Request.
  Time since last request: 0.000293 seconds.
  path: Assets/Materiales/bolita.mat
  artifactKey: Guid(a73a310e769db2b4eb531b12ec376196) Importer(815301076,1909f56bfc062723c751e8b465ee728b)
Start importing Assets/Materiales/bolita.mat using Guid(a73a310e769db2b4eb531b12ec376196) Importer(815301076,1909f56bfc062723c751e8b465ee728b)  -> (artifact id: 'ccf26643ba6ac8b1390ffc7f7c6377d3') in 0.047370 seconds 
========================================================================
Received Import Request.
  Time since last request: 0.000541 seconds.
  path: Assets/Materiales/New Material 1.mat
  artifactKey: Guid(47c8997f035d9254c80ee413eeb46286) Importer(815301076,1909f56bfc062723c751e8b465ee728b)
Start importing Assets/Materiales/New Material 1.mat using Guid(47c8997f035d9254c80ee413eeb46286) Importer(815301076,1909f56bfc062723c751e8b465ee728b)  -> (artifact id: 'd3efdedd38a934a39a229fe2c9f376cc') in 0.070509 seconds 
========================================================================
Received Import Request.
  Time since last request: 0.000348 seconds.
  path: Assets/Materiales/plat.mat
  artifactKey: Guid(64a8d47d0be246740bb135240d814956) Importer(815301076,1909f56bfc062723c751e8b465ee728b)
Start importing Assets/Materiales/plat.mat using Guid(64a8d47d0be246740bb135240d814956) Importer(815301076,1909f56bfc062723c751e8b465ee728b)  -> (artifact id: '27004e744e8eb9797f38b4363139a78c') in 0.062820 seconds 
AssetImportWorkerClient::OnTransportError - code=2 error=End of file
